<?xml version="1.0" encoding="UTF-8"?>
<!-- Generated by org.testng.reporters.JUnitXMLReporter -->
<testsuite ignored="2" hostname="Sushil-Laptop" failures="0" tests="1" name="Default test" time="32.009" errors="0" timestamp="2025-11-10T14:02:32 IST">
  <testcase classname="tryyyy.HomeCenter" name="homeCentre" time="31.804"/>
  <testcase classname="tryyyy.HomeCenter" name="searchBox" time="0.0">
    <ignored/>
  </testcase> <!-- searchBox -->
  <testcase classname="tryyyy.HomeCenter" name="temp" time="0.0">
    <ignored/>
  </testcase> <!-- temp -->
</testsuite> <!-- Default test -->
