<?xml version="1.0" encoding="UTF-8"?>
<testng-results ignored="0" total="1" passed="1" failed="0" skipped="0">
  <reporter-output>
  </reporter-output>
  <suite started-at="2025-11-10T14:02:00 IST" name="Default suite" finished-at="2025-11-10T14:02:32 IST" duration-ms="32009">
    <groups>
    </groups>
    <test started-at="2025-11-10T14:02:00 IST" name="Default test" finished-at="2025-11-10T14:02:32 IST" duration-ms="32009">
      <class name="tryyyy.HomeCenter">
        <test-method signature="homeCentre()[pri:0, instance:tryyyy.HomeCenter@6302bbb1]" started-at="2025-11-10T14:02:00 IST" name="homeCentre" finished-at="2025-11-10T14:02:32 IST" duration-ms="31804" status="PASS">
          <reporter-output>
          </reporter-output>
        </test-method> <!-- homeCentre -->
      </class> <!-- tryyyy.HomeCenter -->
    </test> <!-- Default test -->
  </suite> <!-- Default suite -->
</testng-results>
